[0409/101238:ERROR:proxy_service_factory.cc(105)] Cannot use V8 Proxy resolver in single process mode.
[0409/101238:ERROR:command_buffer_proxy_impl.cc(156)] Failed to initialize command buffer service.
[0409/101238:ERROR:webgraphicscontext3d_command_buffer_impl.cc(394)] CommandBufferProxy::Initialize failed.
[0409/101238:ERROR:webgraphicscontext3d_command_buffer_impl.cc(413)] Failed to initialize command buffer.
[0409/101238:ERROR:command_buffer_proxy_impl.cc(156)] Failed to initialize command buffer service.
[0409/101238:ERROR:webgraphicscontext3d_command_buffer_impl.cc(394)] CommandBufferProxy::Initialize failed.
[0409/101238:ERROR:webgraphicscontext3d_command_buffer_impl.cc(413)] Failed to initialize command buffer.
[0409/101238:ERROR:command_buffer_proxy_impl.cc(156)] Failed to initialize command buffer service.
[0409/101238:ERROR:webgraphicscontext3d_command_buffer_impl.cc(394)] CommandBufferProxy::Initialize failed.
[0409/101238:ERROR:webgraphicscontext3d_command_buffer_impl.cc(413)] Failed to initialize command buffer.
[0409/101238:ERROR:command_buffer_proxy_impl.cc(156)] Failed to initialize command buffer service.
[0409/101238:ERROR:webgraphicscontext3d_command_buffer_impl.cc(394)] CommandBufferProxy::Initialize failed.
[0409/101238:ERROR:webgraphicscontext3d_command_buffer_impl.cc(413)] Failed to initialize command buffer.
[0409/101238:ERROR:command_buffer_proxy_impl.cc(156)] Failed to initialize command buffer service.
[0409/101238:ERROR:command_buffer_proxy_impl.cc(156)] Failed to initialize command buffer service.
[0409/101238:ERROR:webgraphicscontext3d_command_buffer_impl.cc(394)] CommandBufferProxy::Initialize failed.
[0409/101238:ERROR:webgraphicscontext3d_command_buffer_impl.cc(394)] CommandBufferProxy::Initialize failed.
[0409/101238:ERROR:webgraphicscontext3d_command_buffer_impl.cc(413)] Failed to initialize command buffer.
[0409/101238:ERROR:webgraphicscontext3d_command_buffer_impl.cc(413)] Failed to initialize command buffer.
[0409/101238:ERROR:command_buffer_proxy_impl.cc(156)] Failed to initialize command buffer service.
[0409/101238:ERROR:webgraphicscontext3d_command_buffer_impl.cc(394)] CommandBufferProxy::Initialize failed.
[0409/101238:ERROR:webgraphicscontext3d_command_buffer_impl.cc(413)] Failed to initialize command buffer.
[0409/101238:ERROR:command_buffer_proxy_impl.cc(156)] Failed to initialize command buffer service.
[0409/101238:ERROR:webgraphicscontext3d_command_buffer_impl.cc(394)] CommandBufferProxy::Initialize failed.
[0409/101238:ERROR:webgraphicscontext3d_command_buffer_impl.cc(413)] Failed to initialize command buffer.
[0409/102213:ERROR:renderer_main.cc(227)] Running without renderer sandbox
